<?xml version="1.0" encoding="utf-8"?><test-results date="2019-06-19" name="Expecto.Tests" total="4" errors="0" failures="0" ignored="0" not-run="0" inconclusive="0" skipped="0" invalid="0" time="19:30:01"><environment expecto-version="8.10.1" clr-version="4.0.30319.42000" os-version="Microsoft Windows NT 6.2.9200.0" platform="Linux" cwd="C:\Users\Louis\Programming\FSharp FYP\F-Sharp-Analyser\FSharp.Analyzers.Sample" machine-name="DESKTOP-FMJDU4T" user="Louis" user-domain="DESKTOP-FMJDU4T" /><culture-info current-culture="en-GB" current-uiculture="en-US" /><test-suite type="Assembly" name="Expecto.Tests" executed="True" result="Success" success="True" time="4.001" asserts="0"><results><test-case name="Parenthesis Tests/Parenthesis Tests/Complex case parameter missing" executed="True" result="Success" success="True" time="3.934" asserts="0" /><test-case name="Parenthesis Tests/Parenthesis Tests/Bracket error should be detected accross multiple lines" executed="True" result="Success" success="True" time="3.914" asserts="0" /><test-case name="Parenthesis Tests/Parenthesis Tests/No error should have no error messages" executed="True" result="Success" success="True" time="3.912" asserts="0" /><test-case name="Parenthesis Tests/Parenthesis Tests/Bracket error should not be detected if valid throughout program" executed="True" result="Success" success="True" time="3.912" asserts="0" /></results></test-suite></test-results>